\BOOKMARK [0][-]{chapter*.1}{\376\377\000A\000b\000s\000t\000r\000a\000c\000t}{}% 1
\BOOKMARK [0][-]{chapter*.2}{\376\377\000L\000i\000s\000t\000\040\000o\000f\000\040\000F\000i\000g\000u\000r\000e\000s}{}% 2
\BOOKMARK [0][-]{chapter*.3}{\376\377\000L\000i\000s\000t\000\040\000o\000f\000\040\000T\000a\000b\000l\000e\000s}{}% 3
\BOOKMARK [0][-]{chapter.1}{\376\377\000I\000n\000t\000r\000o\000d\000u\000c\000t\000i\000o\000n\000\040\000t\000o\000\040\000F\000P\000G\000A\000\040\000A\000r\000c\000h\000i\000t\000e\000c\000t\000u\000r\000e\000s\000\040\000f\000o\000r\000\040\000M\000a\000c\000h\000i\000n\000e\000\040\000L\000e\000a\000r\000n\000i\000n\000g\000\040\000a\000n\000d\000\040\000H\000a\000r\000d\000w\000a\000r\000e\000\040\000A\000c\000c\000e\000l\000e\000r\000a\000t\000i\000o\000n}{}% 4
\BOOKMARK [1][-]{section.1.1}{\376\377\000I\000n\000t\000r\000o\000d\000u\000c\000t\000i\000o\000n}{chapter.1}% 5
\BOOKMARK [1][-]{section.1.2}{\376\377\000M\000o\000t\000i\000v\000a\000t\000i\000o\000n}{chapter.1}% 6
\BOOKMARK [1][-]{section.1.3}{\376\377\000P\000r\000o\000b\000l\000e\000m\000\040\000s\000t\000a\000t\000e\000m\000e\000n\000t}{chapter.1}% 7
\BOOKMARK [1][-]{section.1.4}{\376\377\000O\000b\000j\000e\000c\000t\000i\000v\000e\000s}{chapter.1}% 8
\BOOKMARK [1][-]{section.1.5}{\376\377\000L\000i\000t\000e\000r\000a\000t\000u\000r\000e\000\040\000R\000e\000v\000i\000e\000w}{chapter.1}% 9
\BOOKMARK [2][-]{subsection.1.5.1}{\376\377\000R\000e\000l\000a\000t\000e\000d\000\040\000W\000o\000r\000k\000\040\000o\000n\000\040\000F\000P\000G\000A\000\040\000A\000r\000c\000h\000i\000t\000e\000c\000t\000u\000r\000a\000l\000\040\000E\000x\000p\000l\000o\000r\000a\000t\000i\000o\000n\000\040\000f\000o\000r\000\040\000M\000L\000\040\000W\000o\000r\000k\000l\000o\000a\000d\000s}{section.1.5}% 10
\BOOKMARK [2][-]{subsection.1.5.2}{\376\377\000R\000e\000l\000a\000t\000e\000d\000\040\000W\000o\000r\000k\000\040\000o\000n\000\040\000P\000C\000A\000\040\000a\000n\000d\000\040\000S\000V\000D\000\040\000A\000c\000c\000e\000l\000e\000r\000a\000t\000o\000r\000s}{section.1.5}% 11
\BOOKMARK [1][-]{section.1.6}{\376\377\000B\000r\000i\000e\000f\000\040\000M\000e\000t\000h\000o\000d\000o\000l\000o\000g\000y\000\040\000o\000f\000\040\000t\000h\000e\000\040\000p\000r\000o\000j\000e\000c\000t}{chapter.1}% 12
\BOOKMARK [1][-]{section.1.7}{\376\377\000O\000r\000g\000a\000n\000i\000z\000a\000t\000i\000o\000n\000\040\000o\000f\000\040\000t\000h\000e\000\040\000r\000e\000p\000o\000r\000t}{chapter.1}% 13
\BOOKMARK [0][-]{chapter.2}{\376\377\000T\000h\000e\000o\000r\000e\000t\000i\000c\000a\000l\000\040\000F\000o\000u\000n\000d\000a\000t\000i\000o\000n\000s\000\040\000a\000n\000d\000\040\000T\000e\000c\000h\000n\000i\000c\000a\000l\000\040\000P\000r\000e\000r\000e\000q\000u\000i\000s\000i\000t\000e\000s}{}% 14
\BOOKMARK [1][-]{section.2.1}{\376\377\000F\000u\000n\000d\000a\000m\000e\000n\000t\000a\000l\000s\000\040\000o\000f\000\040\000F\000P\000G\000A\000\040\000A\000r\000c\000h\000i\000t\000e\000c\000t\000u\000r\000e}{chapter.2}% 15
\BOOKMARK [2][-]{subsection.2.1.1}{\376\377\000C\000o\000n\000f\000i\000g\000u\000r\000a\000b\000l\000e\000\040\000L\000o\000g\000i\000c\000\040\000a\000n\000d\000\040\000L\000o\000g\000i\000c\000\040\000C\000l\000u\000s\000t\000e\000r\000s}{section.2.1}% 16
\BOOKMARK [2][-]{subsection.2.1.2}{\376\377\000P\000r\000o\000g\000r\000a\000m\000m\000a\000b\000l\000e\000\040\000R\000o\000u\000t\000i\000n\000g\000\040\000A\000r\000c\000h\000i\000t\000e\000c\000t\000u\000r\000e}{section.2.1}% 17
\BOOKMARK [2][-]{subsection.2.1.3}{\376\377\000E\000m\000b\000e\000d\000d\000e\000d\000\040\000A\000r\000i\000t\000h\000m\000e\000t\000i\000c\000\040\000a\000n\000d\000\040\000C\000a\000r\000r\000y\000\040\000C\000h\000a\000i\000n\000s}{section.2.1}% 18
\BOOKMARK [2][-]{subsection.2.1.4}{\376\377\000O\000n\000\040\000C\000h\000i\000p\000\040\000M\000e\000m\000o\000r\000y\000:\000\040\000B\000R\000A\000M\000\040\000a\000n\000d\000\040\000L\000U\000T\000-\000R\000A\000M}{section.2.1}% 19
\BOOKMARK [2][-]{subsection.2.1.5}{\376\377\000D\000S\000P\000\040\000H\000a\000r\000d\000\040\000B\000l\000o\000c\000k\000s}{section.2.1}% 20
\BOOKMARK [2][-]{subsection.2.1.6}{\376\377\000P\000r\000o\000g\000r\000a\000m\000m\000a\000b\000l\000e\000\040\000I\000O\000\040\000B\000l\000o\000c\000k\000s}{section.2.1}% 21
\BOOKMARK [1][-]{section.2.2}{\376\377\000T\000a\000r\000g\000e\000t\000\040\000F\000P\000G\000A\000\040\000A\000r\000c\000h\000i\000t\000e\000c\000t\000u\000r\000e\000s\000\040\000U\000s\000e\000d\000\040\000i\000n\000\040\000t\000h\000e\000\040\000S\000t\000u\000d\000y}{chapter.2}% 22
\BOOKMARK [2][-]{subsection.2.2.1}{\376\377\000I\000n\000t\000e\000l\000\040\000S\000t\000r\000a\000t\000i\000x\000-\0001\0000\000-\000l\000i\000k\000e\000\040\000A\000r\000c\000h\000i\000t\000e\000c\000t\000u\000r\000e}{section.2.2}% 23
\BOOKMARK [2][-]{subsection.2.2.2}{\376\377\0004\000-\000b\000i\000t\000\040\000S\000i\000n\000g\000l\000e\000\040\000C\000a\000r\000r\000y\000\040\000C\000h\000a\000i\000n\000\040\000A\000r\000c\000h\000i\000t\000e\000c\000t\000u\000r\000e}{section.2.2}% 24
\BOOKMARK [2][-]{subsection.2.2.3}{\376\377\0004\000-\000b\000i\000t\000\040\000D\000o\000u\000b\000l\000e\000\040\000C\000a\000r\000r\000y\000\040\000C\000h\000a\000i\000n\000\040\000A\000r\000c\000h\000i\000t\000e\000c\000t\000u\000r\000e}{section.2.2}% 25
\BOOKMARK [2][-]{subsection.2.2.4}{\376\377\000S\000u\000m\000m\000a\000r\000y\000\040\000o\000f\000\040\000A\000r\000c\000h\000i\000t\000e\000c\000t\000u\000r\000a\000l\000\040\000D\000i\000f\000f\000e\000r\000e\000n\000c\000e\000s}{section.2.2}% 26
\BOOKMARK [1][-]{section.2.3}{\376\377\000H\000D\000L\000\040\000B\000e\000n\000c\000h\000m\000a\000r\000k\000s\000\040\000E\000m\000p\000l\000o\000y\000e\000d\000\040\000i\000n\000\040\000t\000h\000e\000\040\000S\000t\000u\000d\000y}{chapter.2}% 27
\BOOKMARK [2][-]{subsection.2.3.1}{\376\377\0002\000-\000L\000e\000v\000e\000l\000\040\000A\000d\000d\000e\000r\000\040\000T\000r\000e\000e\000s}{section.2.3}% 28
\BOOKMARK [2][-]{subsection.2.3.2}{\376\377\0003\000-\000L\000e\000v\000e\000l\000\040\000A\000d\000d\000e\000r\000\040\000T\000r\000e\000e\000s}{section.2.3}% 29
\BOOKMARK [2][-]{subsection.2.3.3}{\376\377\000U\000n\000p\000i\000p\000e\000l\000i\000n\000e\000d\000\040\000F\000I\000R\000\040\000F\000i\000l\000t\000e\000r\000\040\000w\000i\000t\000h\000\040\000H\000a\000r\000d\000b\000l\000o\000c\000k\000\040\000M\000u\000l\000t\000i\000p\000l\000i\000e\000r\000s}{section.2.3}% 30
\BOOKMARK [2][-]{subsection.2.3.4}{\376\377\000P\000i\000p\000e\000l\000i\000n\000e\000d\000\040\000F\000I\000R\000\040\000F\000i\000l\000t\000e\000r\000\040\000w\000i\000t\000h\000\040\000H\000a\000r\000d\000b\000l\000o\000c\000k\000\040\000M\000u\000l\000t\000i\000p\000l\000i\000e\000r\000s}{section.2.3}% 31
\BOOKMARK [2][-]{subsection.2.3.5}{\376\377\000U\000n\000p\000i\000p\000e\000l\000i\000n\000e\000d\000\040\000F\000I\000R\000\040\000F\000i\000l\000t\000e\000r\000\040\000w\000i\000t\000h\000\040\000C\000a\000r\000r\000y\000\040\000C\000h\000a\000i\000n\000s}{section.2.3}% 32
\BOOKMARK [2][-]{subsection.2.3.6}{\376\377\000P\000i\000p\000e\000l\000i\000n\000e\000d\000\040\000F\000I\000R\000\040\000F\000i\000l\000t\000e\000r\000\040\000o\000n\000\040\000C\000a\000r\000r\000y\000\040\000C\000h\000a\000i\000n\000s}{section.2.3}% 33
\BOOKMARK [1][-]{section.2.4}{\376\377\000A\000r\000c\000h\000i\000t\000e\000c\000t\000u\000r\000e\000-\000B\000e\000n\000c\000h\000m\000a\000r\000k\000\040\000E\000v\000a\000l\000u\000a\000t\000i\000o\000n\000\040\000M\000e\000t\000r\000i\000c\000s}{chapter.2}% 34
\BOOKMARK [1][-]{section.2.5}{\376\377\000V\000T\000R\000\040\000T\000o\000o\000l\000c\000h\000a\000i\000n}{chapter.2}% 35
\BOOKMARK [1][-]{section.2.6}{\376\377\000P\000r\000i\000n\000c\000i\000p\000a\000l\000\040\000C\000o\000m\000p\000o\000n\000e\000n\000t\000\040\000A\000n\000a\000l\000y\000s\000i\000s\000\040\000\050\000P\000C\000A\000\051}{chapter.2}% 36
\BOOKMARK [2][-]{subsection.2.6.1}{\376\377\000I\000n\000t\000r\000o\000d\000u\000c\000t\000i\000o\000n\000\040\000a\000n\000d\000\040\000E\000v\000a\000l\000u\000a\000t\000i\000o\000n\000\040\000M\000e\000t\000r\000i\000c\000s}{section.2.6}% 37
\BOOKMARK [2][-]{subsection.2.6.2}{\376\377\000C\000a\000s\000e\000\040\000S\000t\000u\000d\000y\000\040\000o\000n\000\040\000P\000r\000i\000n\000c\000i\000p\000a\000l\000\040\000C\000o\000m\000p\000o\000n\000e\000n\000t\000\040\000A\000n\000a\000l\000y\000s\000i\000s}{section.2.6}% 38
\BOOKMARK [1][-]{section.2.7}{\376\377\000M\000a\000t\000r\000i\000x\000\040\000M\000u\000l\000t\000i\000p\000l\000i\000c\000a\000t\000i\000o\000n\000\040\000T\000e\000c\000h\000n\000i\000q\000u\000e\000s\000\040\000o\000n\000\040\000H\000a\000r\000d\000w\000a\000r\000e}{chapter.2}% 39
\BOOKMARK [1][-]{section.2.8}{\376\377\000S\000i\000n\000g\000u\000l\000a\000r\000\040\000V\000a\000l\000u\000e\000\040\000D\000e\000c\000o\000m\000p\000o\000s\000i\000t\000i\000o\000n\000\040\000o\000n\000\040\000H\000a\000r\000d\000w\000a\000r\000e}{chapter.2}% 40
\BOOKMARK [2][-]{subsection.2.8.1}{\376\377\000J\000a\000c\000o\000b\000i\000\040\000E\000i\000g\000e\000n\000v\000a\000l\000u\000e\000\040\000D\000e\000c\000o\000m\000p\000o\000s\000i\000t\000i\000o\000n}{section.2.8}% 41
\BOOKMARK [1][-]{section.2.9}{\376\377\000I\000n\000t\000r\000o\000d\000u\000c\000t\000i\000o\000n\000\040\000t\000o\000\040\000C\000O\000R\000D\000I\000C\000s}{chapter.2}% 42
\BOOKMARK [1][-]{section.2.10}{\376\377\000C\000a\000c\000h\000e\000\040\000A\000r\000c\000h\000i\000t\000e\000c\000t\000u\000r\000e\000\040\000a\000n\000d\000\040\000M\000o\000d\000e\000l\000i\000n\000g}{chapter.2}% 43
\BOOKMARK [2][-]{subsection.2.10.1}{\376\377\000D\000i\000r\000e\000c\000t\000\040\000M\000a\000p\000p\000e\000d\000\040\000C\000a\000c\000h\000e\000s}{section.2.10}% 44
\BOOKMARK [2][-]{subsection.2.10.2}{\376\377\000C\000a\000c\000h\000e\000\040\000W\000r\000i\000t\000e\000\040\000M\000i\000s\000s\000\040\000P\000o\000l\000i\000c\000i\000e\000s}{section.2.10}% 45
\BOOKMARK [2][-]{subsection.2.10.3}{\376\377\000C\000a\000c\000h\000e\000\040\000M\000o\000d\000e\000l\000i\000n\000g\000\040\000B\000e\000n\000c\000h\000m\000a\000r\000k\000s}{section.2.10}% 46
\BOOKMARK [2][-]{subsection.2.10.4}{\376\377\000C\000A\000C\000T\000I\000\040\000C\000a\000c\000h\000e\000\040\000M\000o\000d\000e\000l\000e\000r}{section.2.10}% 47
\BOOKMARK [1][-]{section.2.11}{\376\377\000F\000P\000G\000A\000\040\000D\000e\000s\000i\000g\000n\000\040\000F\000l\000o\000w}{chapter.2}% 48
\BOOKMARK [2][-]{subsection.2.11.1}{\376\377\000R\000T\000L\000\040\000E\000n\000t\000r\000y}{section.2.11}% 49
\BOOKMARK [2][-]{subsection.2.11.2}{\376\377\000B\000e\000h\000a\000v\000i\000o\000u\000r\000a\000l\000\040\000S\000i\000m\000u\000l\000a\000t\000i\000o\000n}{section.2.11}% 50
\BOOKMARK [2][-]{subsection.2.11.3}{\376\377\000S\000y\000n\000t\000h\000e\000s\000i\000s}{section.2.11}% 51
\BOOKMARK [2][-]{subsection.2.11.4}{\376\377\000P\000o\000s\000t\000\040\000S\000y\000n\000t\000h\000e\000s\000i\000s\000\040\000S\000i\000m\000u\000l\000a\000t\000i\000o\000n}{section.2.11}% 52
\BOOKMARK [2][-]{subsection.2.11.5}{\376\377\000I\000m\000p\000l\000e\000m\000e\000n\000t\000a\000t\000i\000o\000n}{section.2.11}% 53
\BOOKMARK [2][-]{subsection.2.11.6}{\376\377\000P\000o\000s\000t\000\040\000I\000m\000p\000l\000e\000m\000e\000n\000t\000a\000t\000i\000o\000n\000\040\000S\000i\000m\000u\000l\000a\000t\000i\000o\000n}{section.2.11}% 54
\BOOKMARK [2][-]{subsection.2.11.7}{\376\377\000X\000i\000l\000i\000n\000x\000\040\000D\000e\000s\000i\000g\000n\000\040\000C\000o\000n\000s\000t\000r\000a\000i\000n\000t\000s}{section.2.11}% 55
\BOOKMARK [2][-]{subsection.2.11.8}{\376\377\000B\000i\000t\000s\000t\000r\000e\000a\000m\000\040\000G\000e\000n\000e\000r\000a\000t\000i\000o\000n}{section.2.11}% 56
\BOOKMARK [1][-]{section.2.12}{\376\377\000A\000S\000I\000C\000\040\000D\000e\000s\000i\000g\000n\000\040\000F\000l\000o\000w\000\040\000o\000n\000\040\000O\000p\000e\000n\000l\000a\000n\000e\000\040\000a\000n\000d\000\040\000O\000p\000e\000n\000R\000A\000M}{chapter.2}% 57
\BOOKMARK [2][-]{subsection.2.12.1}{\376\377\000O\000p\000e\000n\000l\000a\000n\000e\000\040\000A\000r\000c\000h\000i\000t\000e\000c\000t\000u\000r\000e\000\040\000a\000n\000d\000\040\000F\000l\000o\000w}{section.2.12}% 58
\BOOKMARK [2][-]{subsection.2.12.2}{\376\377\000O\000p\000e\000n\000R\000A\000M\000\040\000I\000n\000t\000e\000g\000r\000a\000t\000i\000o\000n}{section.2.12}% 59
\BOOKMARK [0][-]{chapter.3}{\376\377\000D\000e\000s\000i\000g\000n\000\040\000M\000e\000t\000h\000o\000d\000o\000l\000o\000g\000y}{}% 60
\BOOKMARK [1][-]{section.3.1}{\376\377\000S\000p\000e\000c\000i\000f\000i\000c\000a\000t\000i\000o\000n\000s\000\040\000o\000f\000\040\000F\000P\000G\000A\000\040\000A\000r\000c\000h\000i\000t\000e\000c\000t\000u\000r\000a\000l\000\040\000E\000x\000p\000l\000o\000r\000a\000t\000i\000o\000n}{chapter.3}% 61
\BOOKMARK [1][-]{section.3.2}{\376\377\000F\000P\000G\000A\000\040\000A\000r\000c\000h\000i\000t\000e\000c\000t\000u\000r\000a\000l\000\040\000M\000o\000d\000e\000l\000i\000n\000g\000\040\000i\000n\000\040\000V\000T\000R}{chapter.3}% 62
\BOOKMARK [2][-]{subsection.3.2.1}{\376\377\000C\000L\000B\000\040\000A\000r\000c\000h\000i\000t\000e\000c\000t\000u\000r\000e\000\040\000a\000n\000d\000\040\000C\000a\000r\000r\000y\000\040\000C\000h\000a\000i\000n\000\040\000D\000e\000s\000i\000g\000n}{section.3.2}% 63
\BOOKMARK [2][-]{subsection.3.2.2}{\376\377\000R\000o\000u\000t\000i\000n\000g\000\040\000a\000n\000d\000\040\000I\000n\000t\000e\000r\000c\000o\000n\000n\000e\000c\000t\000s}{section.3.2}% 64
\BOOKMARK [2][-]{subsection.3.2.3}{\376\377\000H\000a\000r\000d\000b\000l\000o\000c\000k\000s\000\040\000a\000n\000d\000\040\000M\000e\000m\000o\000r\000y\000\040\000M\000o\000d\000e\000l\000i\000n\000g}{section.3.2}% 65
\BOOKMARK [1][-]{section.3.3}{\376\377\000M\000e\000t\000h\000o\000d\000o\000l\000o\000g\000y\000\040\000f\000o\000r\000\040\000F\000P\000G\000A\000\040\000A\000r\000c\000h\000i\000t\000e\000c\000t\000u\000r\000a\000l\000\040\000E\000x\000p\000l\000o\000r\000a\000t\000i\000o\000n\000\040\000u\000s\000i\000n\000g\000\040\000V\000T\000R}{chapter.3}% 66
\BOOKMARK [1][-]{section.3.4}{\376\377\000F\000P\000G\000A\000\040\000A\000n\000a\000l\000y\000s\000i\000s\000\040\000M\000e\000t\000r\000i\000c\000s\000\040\000E\000q\000u\000a\000t\000i\000o\000n\000s}{chapter.3}% 67
\BOOKMARK [2][-]{subsection.3.4.1}{\376\377\000O\000p\000e\000r\000a\000t\000i\000o\000n\000a\000l\000\040\000F\000r\000e\000q\000u\000e\000n\000c\000y}{section.3.4}% 68
\BOOKMARK [2][-]{subsection.3.4.2}{\376\377\000C\000r\000i\000t\000i\000c\000a\000l\000\040\000P\000a\000t\000h\000\040\000D\000e\000l\000a\000y}{section.3.4}% 69
\BOOKMARK [2][-]{subsection.3.4.3}{\376\377\000A\000r\000e\000a\000\040\000i\000n\000\040\000M\000W\000T\000A\000\040\000U\000n\000i\000t\000s}{section.3.4}% 70
\BOOKMARK [1][-]{section.3.5}{\376\377\000A\000r\000c\000h\000i\000t\000e\000c\000t\000u\000r\000e\000\040\000o\000f\000\040\000t\000h\000e\000\040\000M\000a\000n\000o\000j\000a\000v\000a\000m\000\040\000A\000c\000c\000e\000l\000e\000r\000a\000t\000o\000r}{chapter.3}% 71
\BOOKMARK [1][-]{section.3.6}{\376\377\000M\000a\000t\000r\000i\000x\000\040\000M\000u\000l\000t\000i\000p\000l\000i\000c\000a\000t\000i\000o\000n\000\040\000E\000n\000g\000i\000n\000e}{chapter.3}% 72
\BOOKMARK [1][-]{section.3.7}{\376\377\000J\000a\000c\000o\000b\000i\000a\000n\000\040\000U\000n\000i\000t\000\040\000A\000r\000c\000h\000i\000t\000e\000c\000t\000u\000r\000e}{chapter.3}% 73
\BOOKMARK [2][-]{subsection.3.7.1}{\376\377\000D\000a\000t\000a\000\040\000L\000o\000o\000k\000u\000p\000\040\000E\000n\000g\000i\000n\000e\000\040\000\050\000D\000L\000E\000\051}{section.3.7}% 74
\BOOKMARK [2][-]{subsection.3.7.2}{\376\377\000C\000O\000R\000D\000I\000C\000\040\000K\000e\000r\000n\000e\000l\000s}{section.3.7}% 75
\BOOKMARK [2][-]{subsection.3.7.3}{\376\377\000G\000i\000v\000e\000n\000s\000\040\000E\000n\000g\000i\000n\000e}{section.3.7}% 76
\BOOKMARK [1][-]{section.3.8}{\376\377\000C\000a\000c\000h\000e\000\040\000S\000u\000b\000s\000y\000s\000t\000e\000m}{chapter.3}% 77
\BOOKMARK [1][-]{section.3.9}{\376\377\000C\000o\000n\000t\000r\000o\000l\000l\000e\000r\000\040\000D\000e\000s\000i\000g\000n\000\040\000a\000n\000d\000\040\000H\000i\000e\000r\000a\000r\000c\000h\000y}{chapter.3}% 78
\BOOKMARK [2][-]{subsection.3.9.1}{\376\377\000T\000o\000p\000-\000L\000e\000v\000e\000l\000\040\000C\000o\000n\000t\000r\000o\000l\000l\000e\000r}{section.3.9}% 79
\BOOKMARK [2][-]{subsection.3.9.2}{\376\377\000L\000H\000S\000\040\000S\000h\000a\000r\000e\000d\000\040\000C\000a\000c\000h\000e\000\040\000C\000o\000n\000t\000r\000o\000l\000l\000e\000r}{section.3.9}% 80
\BOOKMARK [2][-]{subsection.3.9.3}{\376\377\000P\000r\000i\000v\000a\000t\000e\000\040\000R\000H\000S\000\040\000C\000a\000c\000h\000e\000\040\000C\000o\000n\000t\000r\000o\000l\000l\000e\000r\000\040\000C\000o\000m\000p\000l\000e\000x}{section.3.9}% 81
\BOOKMARK [2][-]{subsection.3.9.4}{\376\377\000J\000a\000c\000o\000b\000i\000a\000n\000\040\000C\000o\000n\000t\000r\000o\000l\000l\000e\000r}{section.3.9}% 82
\BOOKMARK [0][-]{chapter.4}{\376\377\000I\000m\000p\000l\000e\000m\000e\000n\000t\000a\000t\000i\000o\000n}{}% 83
\BOOKMARK [1][-]{section.4.1}{\376\377\000D\000o\000c\000k\000e\000r\000\040\000C\000o\000n\000t\000a\000i\000n\000e\000r\000\040\000f\000o\000r\000\040\000V\000T\000R}{chapter.4}% 84
\BOOKMARK [1][-]{section.4.2}{\376\377\000A\000r\000c\000h\000i\000t\000e\000c\000t\000u\000r\000a\000l\000\040\000D\000e\000s\000c\000r\000i\000p\000t\000i\000o\000n}{chapter.4}% 85
\BOOKMARK [2][-]{subsection.4.2.1}{\376\377\000I\000n\000t\000e\000l\000\040\000S\000t\000r\000a\000t\000i\000x\000-\0001\0000\000\040\000A\000r\000c\000h\000i\000t\000e\000c\000t\000u\000r\000e}{section.4.2}% 86
\BOOKMARK [2][-]{subsection.4.2.2}{\376\377\0004\000-\000B\000i\000t\000\040\000S\000i\000n\000g\000l\000e\000\040\000C\000a\000r\000r\000y\000\040\000C\000h\000a\000i\000n\000\040\000A\000r\000c\000h\000i\000t\000e\000c\000t\000u\000r\000e}{section.4.2}% 87
\BOOKMARK [2][-]{subsection.4.2.3}{\376\377\0004\000-\000B\000i\000t\000\040\000D\000o\000u\000b\000l\000e\000\040\000C\000a\000r\000r\000y\000\040\000C\000h\000a\000i\000n\000\040\000A\000r\000c\000h\000i\000t\000e\000c\000t\000u\000r\000e}{section.4.2}% 88
\BOOKMARK [1][-]{section.4.3}{\376\377\000B\000e\000n\000c\000h\000m\000a\000r\000k\000\040\000C\000r\000e\000a\000t\000i\000o\000n}{chapter.4}% 89
\BOOKMARK [2][-]{subsection.4.3.1}{\376\377\000A\000d\000d\000e\000r\000\040\000T\000r\000e\000e\000\040\000B\000e\000n\000c\000h\000m\000a\000r\000k\000s}{section.4.3}% 90
\BOOKMARK [2][-]{subsection.4.3.2}{\376\377\000F\000I\000R\000\040\000F\000i\000l\000t\000e\000r\000\040\000B\000e\000n\000c\000h\000m\000a\000r\000k\000s}{section.4.3}% 91
\BOOKMARK [2][-]{subsection.4.3.3}{\376\377\000M\000o\000d\000i\000f\000i\000e\000d\000\040\000F\000I\000R\000\040\000B\000e\000n\000c\000h\000m\000a\000r\000k\000s\000\040\000w\000i\000t\000h\000\040\000W\000a\000l\000l\000a\000c\000e\000\040\000T\000r\000e\000e\000\040\000M\000u\000l\000t\000i\000p\000l\000i\000e\000r\000s}{section.4.3}% 92
\BOOKMARK [1][-]{section.4.4}{\376\377\000S\000h\000e\000l\000l\000\040\000A\000u\000t\000o\000m\000a\000t\000i\000o\000n\000\040\000S\000c\000r\000i\000p\000t\000s}{chapter.4}% 93
\BOOKMARK [1][-]{section.4.5}{\376\377\000B\000L\000I\000F\000\040\000F\000i\000l\000e\000\040\000G\000e\000n\000e\000r\000a\000t\000i\000o\000n\000\040\000u\000s\000i\000n\000g\000\040\000P\000a\000r\000m\000y\000s\000\040\000a\000n\000d\000\040\000A\000B\000C}{chapter.4}% 94
\BOOKMARK [1][-]{section.4.6}{\376\377\000V\000P\000R\000\040\000P\000a\000c\000k\000,\000\040\000P\000l\000a\000c\000e\000\040\000\046\000\040\000R\000o\000u\000t\000e}{chapter.4}% 95
\BOOKMARK [1][-]{section.4.7}{\376\377\000A\000r\000c\000h\000i\000t\000e\000c\000t\000u\000r\000e\000\040\000T\000i\000m\000i\000n\000g\000\040\000a\000n\000d\000\040\000A\000r\000e\000a\000\040\000A\000n\000a\000l\000y\000s\000i\000s}{chapter.4}% 96
\BOOKMARK [1][-]{section.4.8}{\376\377\000T\000a\000r\000g\000e\000t\000\040\000F\000P\000G\000A\000\040\000P\000l\000a\000t\000f\000o\000r\000m\000\040\000f\000o\000r\000\040\000M\000a\000n\000o\000j\000a\000v\000a\000m}{chapter.4}% 97
\BOOKMARK [1][-]{section.4.9}{\376\377\000R\000T\000L\000\040\000E\000n\000t\000r\000y\000\040\000a\000n\000d\000\040\000B\000e\000h\000a\000v\000i\000o\000r\000a\000l\000\040\000S\000i\000m\000u\000l\000a\000t\000i\000o\000n}{chapter.4}% 98
\BOOKMARK [1][-]{section.4.10}{\376\377\000X\000i\000l\000i\000n\000x\000\040\000D\000e\000s\000i\000g\000n\000\040\000C\000o\000n\000s\000t\000r\000a\000i\000n\000t\000s}{chapter.4}% 99
\BOOKMARK [2][-]{subsection.4.10.1}{\376\377\000I\000/\000O\000\040\000C\000o\000n\000s\000t\000r\000a\000i\000n\000t\000s}{section.4.10}% 100
\BOOKMARK [2][-]{subsection.4.10.2}{\376\377\000C\000l\000o\000c\000k\000\040\000C\000o\000n\000s\000t\000r\000a\000i\000n\000t\000s}{section.4.10}% 101
\BOOKMARK [2][-]{subsection.4.10.3}{\376\377\000P\000B\000l\000o\000c\000k\000\040\000F\000l\000o\000o\000r\000p\000l\000a\000n\000n\000i\000n\000g\000\040\000C\000o\000n\000s\000t\000r\000a\000i\000n\000t\000s}{section.4.10}% 102
\BOOKMARK [1][-]{section.4.11}{\376\377\000S\000y\000n\000t\000h\000e\000s\000i\000s}{chapter.4}% 103
\BOOKMARK [2][-]{subsection.4.11.1}{\376\377\000P\000o\000s\000t\000\040\000S\000y\000n\000t\000h\000e\000s\000i\000s\000\040\000S\000i\000m\000u\000l\000a\000t\000i\000o\000n\000s}{section.4.11}% 104
\BOOKMARK [2][-]{subsection.4.11.2}{\376\377\000U\000t\000i\000l\000i\000z\000a\000t\000i\000o\000n\000\040\000a\000n\000d\000\040\000P\000o\000w\000e\000r\000\040\000R\000e\000p\000o\000r\000t\000s}{section.4.11}% 105
\BOOKMARK [2][-]{subsection.4.11.3}{\376\377\000T\000i\000m\000i\000n\000g\000\040\000S\000u\000m\000m\000a\000r\000i\000e\000s}{section.4.11}% 106
\BOOKMARK [1][-]{section.4.12}{\376\377\000I\000m\000p\000l\000e\000m\000e\000n\000t\000a\000t\000i\000o\000n}{chapter.4}% 107
\BOOKMARK [2][-]{subsection.4.12.1}{\376\377\000P\000o\000s\000t\000\040\000I\000m\000p\000l\000e\000m\000e\000n\000t\000a\000t\000i\000o\000n\000\040\000S\000i\000m\000u\000l\000a\000t\000i\000o\000n\000s}{section.4.12}% 108
\BOOKMARK [2][-]{subsection.4.12.2}{\376\377\000U\000t\000i\000l\000i\000z\000a\000t\000i\000o\000n\000\040\000a\000n\000d\000\040\000P\000o\000w\000e\000r\000\040\000R\000e\000p\000o\000r\000t\000s}{section.4.12}% 109
\BOOKMARK [1][-]{section.4.13}{\376\377\000O\000p\000e\000n\000l\000a\000n\000e\000\040\000A\000S\000I\000C\000\040\000I\000m\000p\000l\000e\000m\000e\000n\000t\000a\000t\000i\000o\000n}{chapter.4}% 110
\BOOKMARK [2][-]{subsection.4.13.1}{\376\377\000O\000p\000e\000n\000l\000a\000n\000e\000\040\000R\000T\000L\000\040\000E\000n\000t\000r\000y\000\040\000a\000n\000d\000\040\000C\000o\000n\000f\000i\000g\000u\000r\000a\000t\000i\000o\000n\000\040\000F\000i\000l\000e}{section.4.13}% 111
\BOOKMARK [2][-]{subsection.4.13.2}{\376\377\000I\000n\000t\000e\000g\000r\000a\000t\000i\000o\000n\000\040\000w\000i\000t\000h\000\040\000S\000R\000A\000M\000\040\000M\000A\000c\000r\000o\000s}{section.4.13}% 112
\BOOKMARK [2][-]{subsection.4.13.3}{\376\377\000F\000l\000o\000o\000r\000p\000l\000a\000n\000n\000i\000n\000g}{section.4.13}% 113
\BOOKMARK [2][-]{subsection.4.13.4}{\376\377\000P\000l\000a\000c\000e\000m\000e\000n\000t}{section.4.13}% 114
\BOOKMARK [2][-]{subsection.4.13.5}{\376\377\000C\000l\000o\000c\000k\000\040\000T\000r\000e\000e\000\040\000S\000y\000n\000t\000h\000e\000s\000i\000s\000\040\000\050\000C\000T\000S\000\051}{section.4.13}% 115
\BOOKMARK [2][-]{subsection.4.13.6}{\376\377\000R\000o\000u\000t\000i\000n\000g}{section.4.13}% 116
\BOOKMARK [2][-]{subsection.4.13.7}{\376\377\000S\000i\000g\000n\000o\000f\000f}{section.4.13}% 117
\BOOKMARK [2][-]{subsection.4.13.8}{\376\377\000A\000n\000a\000l\000y\000s\000i\000s\000\040\000a\000n\000d\000\040\000R\000e\000p\000o\000r\000t\000s}{section.4.13}% 118
\BOOKMARK [0][-]{chapter.5}{\376\377\000R\000e\000s\000u\000l\000t\000s\000\040\000\046\000\040\000D\000i\000s\000c\000u\000s\000s\000i\000o\000n\000s}{}% 119
\BOOKMARK [1][-]{section.5.1}{\376\377\000R\000e\000s\000u\000l\000t\000s\000\040\000f\000r\000o\000m\000\040\000F\000P\000G\000A\000\040\000A\000r\000c\000h\000i\000t\000e\000c\000t\000u\000r\000a\000l\000\040\000E\000x\000p\000l\000o\000r\000a\000t\000i\000o\000n}{chapter.5}% 120
\BOOKMARK [2][-]{subsection.5.1.1}{\376\377\000C\000r\000i\000t\000i\000c\000a\000l\000\040\000P\000a\000t\000h\000\040\000D\000e\000l\000a\000y\000s\000\040\000i\000n\000\040\000A\000d\000d\000e\000r\000\040\000T\000r\000e\000e\000s}{section.5.1}% 121
\BOOKMARK [2][-]{subsection.5.1.2}{\376\377\000A\000r\000e\000a\000\040\000i\000n\000\040\000A\000d\000d\000e\000r\000\040\000T\000r\000e\000e\000s}{section.5.1}% 122
\BOOKMARK [2][-]{subsection.5.1.3}{\376\377\000D\000e\000l\000a\000y\000\040\000v\000s\000\040\000A\000r\000e\000a\000\040\000i\000n\000\040\000F\000I\000R\000\040\000F\000i\000l\000t\000e\000r\000s}{section.5.1}% 123
\BOOKMARK [2][-]{subsection.5.1.4}{\376\377\000D\000e\000l\000a\000y\000-\000A\000r\000e\000a\000\040\000P\000r\000o\000d\000u\000c\000t\000\040\000o\000f\000\040\000U\000n\000p\000i\000p\000e\000l\000i\000n\000e\000d\000\040\000W\000a\000l\000l\000a\000c\000e\000\040\000T\000r\000e\000e\000\040\000b\000a\000s\000e\000d\000\040\000F\000I\000R\000\040\000F\000i\000l\000t\000e\000r\000s}{section.5.1}% 124
\BOOKMARK [2][-]{subsection.5.1.5}{\376\377\000P\000e\000a\000k\000\040\000O\000p\000e\000r\000a\000t\000i\000o\000n\000a\000l\000\040\000F\000r\000e\000q\000u\000e\000n\000c\000y\000\040\000A\000n\000a\000l\000y\000s\000i\000s}{section.5.1}% 125
\BOOKMARK [1][-]{section.5.2}{\376\377\000F\000P\000G\000A\000\040\000I\000m\000p\000l\000e\000m\000e\000n\000t\000a\000t\000i\000o\000n\000\040\000o\000f\000\040\000M\000a\000n\000o\000j\000a\000v\000a\000m}{chapter.5}% 126
\BOOKMARK [2][-]{subsection.5.2.1}{\376\377\000R\000e\000s\000o\000u\000r\000c\000e\000\040\000C\000o\000n\000s\000u\000m\000p\000t\000i\000o\000n}{section.5.2}% 127
\BOOKMARK [2][-]{subsection.5.2.2}{\376\377\000P\000o\000w\000e\000r\000\040\000C\000o\000n\000s\000u\000m\000p\000t\000i\000o\000n}{section.5.2}% 128
\BOOKMARK [2][-]{subsection.5.2.3}{\376\377\000T\000i\000m\000i\000n\000g\000\040\000R\000e\000p\000o\000r\000t\000\040\000a\000n\000d\000\040\000S\000u\000m\000m\000a\000r\000i\000e\000s}{section.5.2}% 129
\BOOKMARK [2][-]{subsection.5.2.4}{\376\377\000A\000c\000c\000e\000l\000e\000r\000a\000t\000o\000r\000\040\000F\000l\000o\000o\000r\000p\000l\000a\000n\000n\000i\000n\000g}{section.5.2}% 130
\BOOKMARK [2][-]{subsection.5.2.5}{\376\377\000C\000o\000m\000p\000a\000r\000a\000t\000i\000v\000e\000\040\000R\000u\000n\000t\000i\000m\000e\000\040\000A\000n\000a\000l\000y\000s\000i\000s\000\040\000o\000f\000\040\000P\000C\000A\000\040\000o\000n\000\040\000C\000P\000U\000,\000\040\000G\000P\000U\000,\000\040\000a\000n\000d\000\040\000M\000a\000n\000o\000j\000a\000v\000a\000m\000\040\000A\000c\000c\000e\000l\000e\000r\000a\000t\000o\000r}{section.5.2}% 131
\BOOKMARK [1][-]{section.5.3}{\376\377\000A\000S\000I\000C\000\040\000I\000m\000p\000l\000e\000m\000e\000n\000t\000a\000t\000i\000o\000n\000\040\000o\000f\000\040\000M\000a\000n\000o\000j\000a\000v\000a\000m}{chapter.5}% 132
\BOOKMARK [2][-]{subsection.5.3.1}{\376\377\000S\000y\000n\000t\000h\000e\000s\000i\000s\000\040\000R\000e\000p\000o\000r\000t\000s}{section.5.3}% 133
\BOOKMARK [2][-]{subsection.5.3.2}{\376\377\000P\000o\000w\000e\000r\000\040\000R\000e\000p\000o\000r\000t\000s}{section.5.3}% 134
\BOOKMARK [2][-]{subsection.5.3.3}{\376\377\000R\000o\000u\000t\000i\000n\000g\000\040\000R\000e\000s\000u\000l\000t\000s}{section.5.3}% 135
\BOOKMARK [0][-]{chapter.6}{\376\377\000C\000o\000n\000c\000l\000u\000s\000i\000o\000n\000\040\000a\000n\000d\000\040\000F\000u\000t\000u\000r\000e\000\040\000S\000c\000o\000p\000e}{}% 136
\BOOKMARK [1][-]{section.6.1}{\376\377\000C\000o\000n\000c\000l\000u\000s\000i\000o\000n}{chapter.6}% 137
\BOOKMARK [1][-]{section.6.2}{\376\377\000F\000u\000t\000u\000r\000e\000\040\000S\000c\000o\000p\000e}{chapter.6}% 138
\BOOKMARK [1][-]{section.6.3}{\376\377\000L\000e\000a\000r\000n\000i\000n\000g\000\040\000O\000u\000t\000c\000o\000m\000e\000s\000\040\000o\000f\000\040\000t\000h\000e\000\040\000P\000r\000o\000j\000e\000c\000t}{chapter.6}% 139
